<?xml version="1.0" encoding="UTF-8"?>
<testsuite xmlns:xsi="http://www.w3.org/2001/XMLSchema-instance" xsi:noNamespaceSchemaLocation="https://maven.apache.org/surefire/maven-surefire-plugin/xsd/surefire-test-report-3.0.xsd" version="3.0" name="cl.iplacex.qa.bdd.runner.BddTestRunner" time="1.129" tests="6" errors="0" skipped="0" failures="0">
  <properties>
[...]
</properties>
  <testcase name="Ingreso exitoso con credenciales válidas" classname="Autenticación de usuarios en el portal" time="0.156">
    <system-out><![CDATA[
@login @smoke @critico
Escenario: Ingreso exitoso con credenciales válidas                         &amp#27;[90m# features/login.feature:18&amp#27;[0m
  &amp#27;[32mDado &amp#27;[0m&amp#27;[32mque el portal de autenticación está disponible&amp#27;[0m                       &amp#27;[90m# cl.iplacex.qa.bdd.steps.LoginSteps.elPortalEstaDisponible()&amp#27;[0m
  &amp#27;[32mCuando &amp#27;[0m&amp#27;[32mel usuario ingresa el usuario &amp#27;[0m&amp#27;[32m&amp#27;[1m"douglas"&amp#27;[0m&amp#27;[32m y la contraseña &amp#27;[0m&amp#27;[32m&amp#27;[1m"Clave123"&amp#27;[0m &amp#27;[90m# cl.iplacex.qa.bdd.steps.LoginSteps.elUsuarioIngresaCredenciales(java.lang.String,java.lang.String)&amp#27;[0m
  &amp#27;[32mEntonces &amp#27;[0m&amp#27;[32mel sistema concede el acceso&amp#27;[0m                                     &amp#27;[90m# cl.iplacex.qa.bdd.steps.LoginSteps.elSistemaConcedeElAcceso()&amp#27;[0m
  &amp#27;[32mY &amp#27;[0m&amp#27;[32mse muestra el mensaje &amp#27;[0m&amp#27;[32m&amp#27;[1m"Bienvenido douglas"&amp#27;[0m                              &amp#27;[90m# cl.iplacex.qa.bdd.steps.LoginSteps.seMuestraElMensaje(java.lang.String)&amp#27;[0m
]]></system-out>
  </testcase>
  <testcase name="Bloqueo de la cuenta tras tres intentos fallidos" classname="Autenticación de usuarios en el portal" time="0.005">
    <system-out><![CDATA[
@login @seguridad
Escenario: Bloqueo de la cuenta tras tres intentos fallidos                  &amp#27;[90m# features/login.feature:37&amp#27;[0m
  &amp#27;[32mDado &amp#27;[0m&amp#27;[32mque el portal de autenticación está disponible&amp#27;[0m                        &amp#27;[90m# cl.iplacex.qa.bdd.steps.LoginSteps.elPortalEstaDisponible()&amp#27;[0m
  &amp#27;[32mDado &amp#27;[0m&amp#27;[32mque el usuario &amp#27;[0m&amp#27;[32m&amp#27;[1m"analista"&amp#27;[0m&amp#27;[32m ya registra &amp#27;[0m&amp#27;[32m&amp#27;[1m3&amp#27;[0m&amp#27;[32m intentos fallidos&amp#27;[0m             &amp#27;[90m# cl.iplacex.qa.bdd.steps.LoginSteps.elUsuarioYaRegistraIntentosFallidos(java.lang.String,int)&amp#27;[0m
  &amp#27;[32mCuando &amp#27;[0m&amp#27;[32mel usuario ingresa el usuario &amp#27;[0m&amp#27;[32m&amp#27;[1m"analista"&amp#27;[0m&amp#27;[32m y la contraseña &amp#27;[0m&amp#27;[32m&amp#27;[1m"Qa2026*"&amp#27;[0m  &amp#27;[90m# cl.iplacex.qa.bdd.steps.LoginSteps.elUsuarioIngresaCredenciales(java.lang.String,java.lang.String)&amp#27;[0m
  &amp#27;[32mEntonces &amp#27;[0m&amp#27;[32mel sistema deniega el acceso&amp#27;[0m                                      &amp#27;[90m# cl.iplacex.qa.bdd.steps.LoginSteps.elSistemaDeniegaElAcceso()&amp#27;[0m
  &amp#27;[32mY &amp#27;[0m&amp#27;[32mse muestra el mensaje &amp#27;[0m&amp#27;[32m&amp#27;[1m"Cuenta bloqueada por múltiples intentos fallidos"&amp#27;[0m &amp#27;[90m# cl.iplacex.qa.bdd.steps.LoginSteps.seMuestraElMensaje(java.lang.String)&amp#27;[0m
]]></system-out>
  </testcase>
  <testcase name="Example #1.1" classname="Ejemplos" time="0.008">
    <system-out><![CDATA[
@login @regresion
Esquema del escenario: Ingreso rechazado con datos inválidos                &amp#27;[90m# features/login.feature:31&amp#27;[0m
  &amp#27;[32mDado &amp#27;[0m&amp#27;[32mque el portal de autenticación está disponible&amp#27;[0m                       &amp#27;[90m# cl.iplacex.qa.bdd.steps.LoginSteps.elPortalEstaDisponible()&amp#27;[0m
  &amp#27;[32mCuando &amp#27;[0m&amp#27;[32mel usuario ingresa el usuario &amp#27;[0m&amp#27;[32m&amp#27;[1m"douglas"&amp#27;[0m&amp#27;[32m y la contraseña &amp#27;[0m&amp#27;[32m&amp#27;[1m"Clave999"&amp#27;[0m &amp#27;[90m# cl.iplacex.qa.bdd.steps.LoginSteps.elUsuarioIngresaCredenciales(java.lang.String,java.lang.String)&amp#27;[0m
  &amp#27;[32mEntonces &amp#27;[0m&amp#27;[32mel sistema deniega el acceso&amp#27;[0m                                     &amp#27;[90m# cl.iplacex.qa.bdd.steps.LoginSteps.elSistemaDeniegaElAcceso()&amp#27;[0m
  &amp#27;[32mY &amp#27;[0m&amp#27;[32mse muestra el mensaje &amp#27;[0m&amp#27;[32m&amp#27;[1m"Usuario o contraseña incorrectos"&amp#27;[0m                &amp#27;[90m# cl.iplacex.qa.bdd.steps.LoginSteps.seMuestraElMensaje(java.lang.String)&amp#27;[0m
]]></system-out>
  </testcase>
  <testcase name="Example #1.2" classname="Ejemplos" time="0.004">
    <system-out><![CDATA[
@login @regresion
Esquema del escenario: Ingreso rechazado con datos inválidos                    &amp#27;[90m# features/login.feature:32&amp#27;[0m
  &amp#27;[32mDado &amp#27;[0m&amp#27;[32mque el portal de autenticación está disponible&amp#27;[0m                           &amp#27;[90m# cl.iplacex.qa.bdd.steps.LoginSteps.elPortalEstaDisponible()&amp#27;[0m
  &amp#27;[32mCuando &amp#27;[0m&amp#27;[32mel usuario ingresa el usuario &amp#27;[0m&amp#27;[32m&amp#27;[1m"inexistente"&amp#27;[0m&amp#27;[32m y la contraseña &amp#27;[0m&amp#27;[32m&amp#27;[1m"Clave123"&amp#27;[0m &amp#27;[90m# cl.iplacex.qa.bdd.steps.LoginSteps.elUsuarioIngresaCredenciales(java.lang.String,java.lang.String)&amp#27;[0m
  &amp#27;[32mEntonces &amp#27;[0m&amp#27;[32mel sistema deniega el acceso&amp#27;[0m                                         &amp#27;[90m# cl.iplacex.qa.bdd.steps.LoginSteps.elSistemaDeniegaElAcceso()&amp#27;[0m
  &amp#27;[32mY &amp#27;[0m&amp#27;[32mse muestra el mensaje &amp#27;[0m&amp#27;[32m&amp#27;[1m"Usuario o contraseña incorrectos"&amp#27;[0m                    &amp#27;[90m# cl.iplacex.qa.bdd.steps.LoginSteps.seMuestraElMensaje(java.lang.String)&amp#27;[0m
]]></system-out>
  </testcase>
  <testcase name="Example #1.3" classname="Ejemplos" time="0.006">
    <system-out><![CDATA[
@login @regresion
Esquema del escenario: Ingreso rechazado con datos inválidos        &amp#27;[90m# features/login.feature:33&amp#27;[0m
  &amp#27;[32mDado &amp#27;[0m&amp#27;[32mque el portal de autenticación está disponible&amp#27;[0m               &amp#27;[90m# cl.iplacex.qa.bdd.steps.LoginSteps.elPortalEstaDisponible()&amp#27;[0m
  &amp#27;[32mCuando &amp#27;[0m&amp#27;[32mel usuario ingresa el usuario &amp#27;[0m&amp#27;[32m&amp#27;[1m"douglas"&amp#27;[0m&amp#27;[32m y la contraseña &amp#27;[0m&amp#27;[32m&amp#27;[1m""&amp#27;[0m &amp#27;[90m# cl.iplacex.qa.bdd.steps.LoginSteps.elUsuarioIngresaCredenciales(java.lang.String,java.lang.String)&amp#27;[0m
  &amp#27;[32mEntonces &amp#27;[0m&amp#27;[32mel sistema deniega el acceso&amp#27;[0m                             &amp#27;[90m# cl.iplacex.qa.bdd.steps.LoginSteps.elSistemaDeniegaElAcceso()&amp#27;[0m
  &amp#27;[32mY &amp#27;[0m&amp#27;[32mse muestra el mensaje &amp#27;[0m&amp#27;[32m&amp#27;[1m"Debe completar usuario y contraseña"&amp#27;[0m     &amp#27;[90m# cl.iplacex.qa.bdd.steps.LoginSteps.seMuestraElMensaje(java.lang.String)&amp#27;[0m
]]></system-out>
  </testcase>
  <testcase name="Example #1.4" classname="Ejemplos" time="0.004">
    <system-out><![CDATA[
@login @regresion
Esquema del escenario: Ingreso rechazado con datos inválidos         &amp#27;[90m# features/login.feature:34&amp#27;[0m
  &amp#27;[32mDado &amp#27;[0m&amp#27;[32mque el portal de autenticación está disponible&amp#27;[0m                &amp#27;[90m# cl.iplacex.qa.bdd.steps.LoginSteps.elPortalEstaDisponible()&amp#27;[0m
  &amp#27;[32mCuando &amp#27;[0m&amp#27;[32mel usuario ingresa el usuario &amp#27;[0m&amp#27;[32m&amp#27;[1m""&amp#27;[0m&amp#27;[32m y la contraseña &amp#27;[0m&amp#27;[32m&amp#27;[1m"Clave123"&amp#27;[0m &amp#27;[90m# cl.iplacex.qa.bdd.steps.LoginSteps.elUsuarioIngresaCredenciales(java.lang.String,java.lang.String)&amp#27;[0m
  &amp#27;[32mEntonces &amp#27;[0m&amp#27;[32mel sistema deniega el acceso&amp#27;[0m                              &amp#27;[90m# cl.iplacex.qa.bdd.steps.LoginSteps.elSistemaDeniegaElAcceso()&amp#27;[0m
  &amp#27;[32mY &amp#27;[0m&amp#27;[32mse muestra el mensaje &amp#27;[0m&amp#27;[32m&amp#27;[1m"Debe completar usuario y contraseña"&amp#27;[0m      &amp#27;[90m# cl.iplacex.qa.bdd.steps.LoginSteps.seMuestraElMensaje(java.lang.String)&amp#27;[0m
]]></system-out>
  </testcase>
</testsuite>